<?xml version="1.0" encoding="UTF-8"?>
<!-- Generated by org.testng.reporters.JUnitReportReporter -->
<testsuite hostname="HbpSoft" failures="0" tests="1" name="com.test.Latest_Brain.Latest_use_Brain" time="0.310" errors="0" timestamp="2025-04-01T16:22:31 IST" skipped="0">
  <testcase classname="com.test.Latest_Brain.Latest_use_Brain" name="verifyDatabaseRecords" time="0.310"/>
  <system-out/>
</testsuite> <!-- com.test.Latest_Brain.Latest_use_Brain -->
